  [1m[35m (168.5ms)[0m  [1m[35mCREATE TABLE "schema_migrations" ("version" character varying NOT NULL PRIMARY KEY)[0m
  ↳ bin/rails:4
  [1m[35m (156.2ms)[0m  [1m[35mCREATE TABLE "ar_internal_metadata" ("key" character varying NOT NULL PRIMARY KEY, "value" character varying, "created_at" timestamp NOT NULL, "updated_at" timestamp NOT NULL)[0m
  ↳ bin/rails:4
  [1m[35m (0.0ms)[0m  [1m[34mSELECT pg_try_advisory_lock(3080323218806277465)[0m
  ↳ bin/rails:4
  [1m[35m (0.0ms)[0m  [1m[34mSELECT "schema_migrations"."version" FROM "schema_migrations" ORDER BY "schema_migrations"."version" ASC[0m
  ↳ bin/rails:4
Migrating to CreateUsuarios (20180726161552)
  [1m[35m (0.0ms)[0m  [1m[35mBEGIN[0m
  ↳ bin/rails:4
  [1m[35m (157.6ms)[0m  [1m[35mCREATE TABLE "usuarios" ("id" bigserial primary key, "nombre" character varying, "email" character varying, "created_at" timestamp NOT NULL, "updated_at" timestamp NOT NULL)[0m
  ↳ db/migrate/20180726161552_create_usuarios.rb:3
  [1m[36mActiveRecord::SchemaMigration Create (0.0ms)[0m  [1m[32mINSERT INTO "schema_migrations" ("version") VALUES ($1) RETURNING "version"[0m  [["version", "20180726161552"]]
  ↳ bin/rails:4
  [1m[35m (0.0ms)[0m  [1m[35mCOMMIT[0m
  ↳ bin/rails:4
  [1m[36mActiveRecord::InternalMetadata Load (0.0ms)[0m  [1m[34mSELECT  "ar_internal_metadata".* FROM "ar_internal_metadata" WHERE "ar_internal_metadata"."key" = $1 LIMIT $2[0m  [["key", "environment"], ["LIMIT", 1]]
  ↳ bin/rails:4
  [1m[35m (0.0ms)[0m  [1m[35mBEGIN[0m
  ↳ bin/rails:4
  [1m[36mActiveRecord::InternalMetadata Create (0.0ms)[0m  [1m[32mINSERT INTO "ar_internal_metadata" ("key", "value", "created_at", "updated_at") VALUES ($1, $2, $3, $4) RETURNING "key"[0m  [["key", "environment"], ["value", "development"], ["created_at", "2018-07-26 16:26:11.470729"], ["updated_at", "2018-07-26 16:26:11.470729"]]
  ↳ bin/rails:4
  [1m[35m (0.0ms)[0m  [1m[35mCOMMIT[0m
  ↳ bin/rails:4
  [1m[35m (15.6ms)[0m  [1m[34mSELECT pg_advisory_unlock(3080323218806277465)[0m
  ↳ bin/rails:4
  [1m[35m (0.0ms)[0m  [1m[34mSELECT "schema_migrations"."version" FROM "schema_migrations" ORDER BY "schema_migrations"."version" ASC[0m
  ↳ bin/rails:4
Started GET "/" for 127.0.0.1 at 2018-07-26 11:29:35 -0500
  [1m[35m (1.0ms)[0m  [1m[34mSELECT "schema_migrations"."version" FROM "schema_migrations" ORDER BY "schema_migrations"."version" ASC[0m
  ↳ C:/Ruby24-x64/lib/ruby/gems/2.4.0/gems/activerecord-5.2.0/lib/active_record/log_subscriber.rb:98
Processing by Rails::WelcomeController#index as HTML
  Rendering C:/Ruby24-x64/lib/ruby/gems/2.4.0/gems/railties-5.2.0/lib/rails/templates/rails/welcome/index.html.erb
  Rendered C:/Ruby24-x64/lib/ruby/gems/2.4.0/gems/railties-5.2.0/lib/rails/templates/rails/welcome/index.html.erb (10.0ms)
Completed 200 OK in 88ms (Views: 46.6ms | ActiveRecord: 0.0ms)


Started GET "/seguro" for 127.0.0.1 at 2018-07-26 11:30:21 -0500
  
ActionController::RoutingError (No route matches [GET] "/seguro"):
  
actionpack (5.2.0) lib/action_dispatch/middleware/debug_exceptions.rb:65:in `call'
web-console (3.6.2) lib/web_console/middleware.rb:135:in `call_app'
web-console (3.6.2) lib/web_console/middleware.rb:30:in `block in call'
web-console (3.6.2) lib/web_console/middleware.rb:20:in `catch'
web-console (3.6.2) lib/web_console/middleware.rb:20:in `call'
actionpack (5.2.0) lib/action_dispatch/middleware/show_exceptions.rb:33:in `call'
railties (5.2.0) lib/rails/rack/logger.rb:38:in `call_app'
railties (5.2.0) lib/rails/rack/logger.rb:26:in `block in call'
activesupport (5.2.0) lib/active_support/tagged_logging.rb:71:in `block in tagged'
activesupport (5.2.0) lib/active_support/tagged_logging.rb:28:in `tagged'
activesupport (5.2.0) lib/active_support/tagged_logging.rb:71:in `tagged'
railties (5.2.0) lib/rails/rack/logger.rb:26:in `call'
sprockets-rails (3.2.1) lib/sprockets/rails/quiet_assets.rb:13:in `call'
actionpack (5.2.0) lib/action_dispatch/middleware/remote_ip.rb:81:in `call'
actionpack (5.2.0) lib/action_dispatch/middleware/request_id.rb:27:in `call'
rack (2.0.5) lib/rack/method_override.rb:22:in `call'
rack (2.0.5) lib/rack/runtime.rb:22:in `call'
activesupport (5.2.0) lib/active_support/cache/strategy/local_cache_middleware.rb:29:in `call'
actionpack (5.2.0) lib/action_dispatch/middleware/executor.rb:14:in `call'
actionpack (5.2.0) lib/action_dispatch/middleware/static.rb:127:in `call'
rack (2.0.5) lib/rack/sendfile.rb:111:in `call'
railties (5.2.0) lib/rails/engine.rb:524:in `call'
puma (3.12.0) lib/puma/configuration.rb:225:in `call'
puma (3.12.0) lib/puma/server.rb:658:in `handle_request'
puma (3.12.0) lib/puma/server.rb:472:in `process_client'
puma (3.12.0) lib/puma/server.rb:332:in `block in run'
puma (3.12.0) lib/puma/thread_pool.rb:133:in `block in spawn_thread'
Started GET "/seguro" for 127.0.0.1 at 2018-07-26 11:32:22 -0500
  [1m[35m (1.0ms)[0m  [1m[34mSELECT "schema_migrations"."version" FROM "schema_migrations" ORDER BY "schema_migrations"."version" ASC[0m
  ↳ C:/Ruby24-x64/lib/ruby/gems/2.4.0/gems/activerecord-5.2.0/lib/active_record/log_subscriber.rb:98
  
ActionController::RoutingError (No route matches [GET] "/seguro"):
  
actionpack (5.2.0) lib/action_dispatch/middleware/debug_exceptions.rb:65:in `call'
web-console (3.6.2) lib/web_console/middleware.rb:135:in `call_app'
web-console (3.6.2) lib/web_console/middleware.rb:30:in `block in call'
web-console (3.6.2) lib/web_console/middleware.rb:20:in `catch'
web-console (3.6.2) lib/web_console/middleware.rb:20:in `call'
actionpack (5.2.0) lib/action_dispatch/middleware/show_exceptions.rb:33:in `call'
railties (5.2.0) lib/rails/rack/logger.rb:38:in `call_app'
railties (5.2.0) lib/rails/rack/logger.rb:26:in `block in call'
activesupport (5.2.0) lib/active_support/tagged_logging.rb:71:in `block in tagged'
activesupport (5.2.0) lib/active_support/tagged_logging.rb:28:in `tagged'
activesupport (5.2.0) lib/active_support/tagged_logging.rb:71:in `tagged'
railties (5.2.0) lib/rails/rack/logger.rb:26:in `call'
sprockets-rails (3.2.1) lib/sprockets/rails/quiet_assets.rb:13:in `call'
actionpack (5.2.0) lib/action_dispatch/middleware/remote_ip.rb:81:in `call'
actionpack (5.2.0) lib/action_dispatch/middleware/request_id.rb:27:in `call'
rack (2.0.5) lib/rack/method_override.rb:22:in `call'
rack (2.0.5) lib/rack/runtime.rb:22:in `call'
activesupport (5.2.0) lib/active_support/cache/strategy/local_cache_middleware.rb:29:in `call'
actionpack (5.2.0) lib/action_dispatch/middleware/executor.rb:14:in `call'
actionpack (5.2.0) lib/action_dispatch/middleware/static.rb:127:in `call'
rack (2.0.5) lib/rack/sendfile.rb:111:in `call'
railties (5.2.0) lib/rails/engine.rb:524:in `call'
puma (3.12.0) lib/puma/configuration.rb:225:in `call'
puma (3.12.0) lib/puma/server.rb:658:in `handle_request'
puma (3.12.0) lib/puma/server.rb:472:in `process_client'
puma (3.12.0) lib/puma/server.rb:332:in `block in run'
puma (3.12.0) lib/puma/thread_pool.rb:133:in `block in spawn_thread'
Started GET "/seguro/index.html" for 127.0.0.1 at 2018-07-26 11:32:55 -0500
  
ActionController::RoutingError (No route matches [GET] "/seguro/index.html"):
  
actionpack (5.2.0) lib/action_dispatch/middleware/debug_exceptions.rb:65:in `call'
web-console (3.6.2) lib/web_console/middleware.rb:135:in `call_app'
web-console (3.6.2) lib/web_console/middleware.rb:30:in `block in call'
web-console (3.6.2) lib/web_console/middleware.rb:20:in `catch'
web-console (3.6.2) lib/web_console/middleware.rb:20:in `call'
actionpack (5.2.0) lib/action_dispatch/middleware/show_exceptions.rb:33:in `call'
railties (5.2.0) lib/rails/rack/logger.rb:38:in `call_app'
railties (5.2.0) lib/rails/rack/logger.rb:26:in `block in call'
activesupport (5.2.0) lib/active_support/tagged_logging.rb:71:in `block in tagged'
activesupport (5.2.0) lib/active_support/tagged_logging.rb:28:in `tagged'
activesupport (5.2.0) lib/active_support/tagged_logging.rb:71:in `tagged'
railties (5.2.0) lib/rails/rack/logger.rb:26:in `call'
sprockets-rails (3.2.1) lib/sprockets/rails/quiet_assets.rb:13:in `call'
actionpack (5.2.0) lib/action_dispatch/middleware/remote_ip.rb:81:in `call'
actionpack (5.2.0) lib/action_dispatch/middleware/request_id.rb:27:in `call'
rack (2.0.5) lib/rack/method_override.rb:22:in `call'
rack (2.0.5) lib/rack/runtime.rb:22:in `call'
activesupport (5.2.0) lib/active_support/cache/strategy/local_cache_middleware.rb:29:in `call'
actionpack (5.2.0) lib/action_dispatch/middleware/executor.rb:14:in `call'
actionpack (5.2.0) lib/action_dispatch/middleware/static.rb:127:in `call'
rack (2.0.5) lib/rack/sendfile.rb:111:in `call'
railties (5.2.0) lib/rails/engine.rb:524:in `call'
puma (3.12.0) lib/puma/configuration.rb:225:in `call'
puma (3.12.0) lib/puma/server.rb:658:in `handle_request'
puma (3.12.0) lib/puma/server.rb:472:in `process_client'
puma (3.12.0) lib/puma/server.rb:332:in `block in run'
puma (3.12.0) lib/puma/thread_pool.rb:133:in `block in spawn_thread'
Started GET "/index.html" for 127.0.0.1 at 2018-07-26 11:33:08 -0500
  
ActionController::RoutingError (No route matches [GET] "/index.html"):
  
actionpack (5.2.0) lib/action_dispatch/middleware/debug_exceptions.rb:65:in `call'
web-console (3.6.2) lib/web_console/middleware.rb:135:in `call_app'
web-console (3.6.2) lib/web_console/middleware.rb:30:in `block in call'
web-console (3.6.2) lib/web_console/middleware.rb:20:in `catch'
web-console (3.6.2) lib/web_console/middleware.rb:20:in `call'
actionpack (5.2.0) lib/action_dispatch/middleware/show_exceptions.rb:33:in `call'
railties (5.2.0) lib/rails/rack/logger.rb:38:in `call_app'
railties (5.2.0) lib/rails/rack/logger.rb:26:in `block in call'
activesupport (5.2.0) lib/active_support/tagged_logging.rb:71:in `block in tagged'
activesupport (5.2.0) lib/active_support/tagged_logging.rb:28:in `tagged'
activesupport (5.2.0) lib/active_support/tagged_logging.rb:71:in `tagged'
railties (5.2.0) lib/rails/rack/logger.rb:26:in `call'
sprockets-rails (3.2.1) lib/sprockets/rails/quiet_assets.rb:13:in `call'
actionpack (5.2.0) lib/action_dispatch/middleware/remote_ip.rb:81:in `call'
actionpack (5.2.0) lib/action_dispatch/middleware/request_id.rb:27:in `call'
rack (2.0.5) lib/rack/method_override.rb:22:in `call'
rack (2.0.5) lib/rack/runtime.rb:22:in `call'
activesupport (5.2.0) lib/active_support/cache/strategy/local_cache_middleware.rb:29:in `call'
actionpack (5.2.0) lib/action_dispatch/middleware/executor.rb:14:in `call'
actionpack (5.2.0) lib/action_dispatch/middleware/static.rb:127:in `call'
rack (2.0.5) lib/rack/sendfile.rb:111:in `call'
railties (5.2.0) lib/rails/engine.rb:524:in `call'
puma (3.12.0) lib/puma/configuration.rb:225:in `call'
puma (3.12.0) lib/puma/server.rb:658:in `handle_request'
puma (3.12.0) lib/puma/server.rb:472:in `process_client'
puma (3.12.0) lib/puma/server.rb:332:in `block in run'
puma (3.12.0) lib/puma/thread_pool.rb:133:in `block in spawn_thread'
  [1m[35m (62.5ms)[0m  [1m[35mCREATE TABLE "schema_migrations" ("version" character varying NOT NULL PRIMARY KEY)[0m
  ↳ C:/Ruby24-x64/bin/rake:23
  [1m[35m (62.5ms)[0m  [1m[35mCREATE TABLE "ar_internal_metadata" ("key" character varying NOT NULL PRIMARY KEY, "value" character varying, "created_at" timestamp NOT NULL, "updated_at" timestamp NOT NULL)[0m
  ↳ C:/Ruby24-x64/bin/rake:23
  [1m[35m (0.0ms)[0m  [1m[34mSELECT pg_try_advisory_lock(3080323218806277465)[0m
  ↳ C:/Ruby24-x64/bin/rake:23
  [1m[35m (0.0ms)[0m  [1m[34mSELECT "schema_migrations"."version" FROM "schema_migrations" ORDER BY "schema_migrations"."version" ASC[0m
  ↳ C:/Ruby24-x64/bin/rake:23
Migrating to CreateUsuarios (20180726161552)
  [1m[35m (0.0ms)[0m  [1m[35mBEGIN[0m
  ↳ C:/Ruby24-x64/bin/rake:23
  [1m[35m (62.5ms)[0m  [1m[35mCREATE TABLE "usuarios" ("id" bigserial primary key, "nombre" character varying, "email" character varying, "created_at" timestamp NOT NULL, "updated_at" timestamp NOT NULL)[0m
  ↳ db/migrate/20180726161552_create_usuarios.rb:3
  [1m[36mActiveRecord::SchemaMigration Create (0.0ms)[0m  [1m[32mINSERT INTO "schema_migrations" ("version") VALUES ($1) RETURNING "version"[0m  [["version", "20180726161552"]]
  ↳ C:/Ruby24-x64/bin/rake:23
  [1m[35m (0.0ms)[0m  [1m[35mCOMMIT[0m
  ↳ C:/Ruby24-x64/bin/rake:23
Migrating to DeviseCreateUsers (20180731142440)
  [1m[35m (15.6ms)[0m  [1m[34mSELECT pg_advisory_unlock(3080323218806277465)[0m
  ↳ C:/Ruby24-x64/bin/rake:23
  [1m[35m (0.0ms)[0m  [1m[34mSELECT pg_try_advisory_lock(3080323218806277465)[0m
  ↳ C:/Ruby24-x64/bin/rake:23
  [1m[35m (0.0ms)[0m  [1m[34mSELECT "schema_migrations"."version" FROM "schema_migrations" ORDER BY "schema_migrations"."version" ASC[0m
  ↳ C:/Ruby24-x64/bin/rake:23
Migrating to DeviseCreateUsers (20180731142440)
  [1m[35m (0.0ms)[0m  [1m[35mBEGIN[0m
  ↳ C:/Ruby24-x64/bin/rake:23
  [1m[35m (93.7ms)[0m  [1m[35mCREATE TABLE "users" ("id" bigserial primary key, "email" character varying DEFAULT '' NOT NULL, "encrypted_password" character varying DEFAULT '' NOT NULL, "reset_password_token" character varying, "reset_password_sent_at" timestamp, "remember_created_at" timestamp, "name" character varying DEFAULT 'sin nombre' NOT NULL, "created_at" timestamp NOT NULL, "updated_at" timestamp NOT NULL)[0m
  ↳ db/migrate/20180731142440_devise_create_users.rb:5
  [1m[35m (31.3ms)[0m  [1m[35mCREATE UNIQUE INDEX  "index_users_on_email" ON "users"  ("email")[0m
  ↳ db/migrate/20180731142440_devise_create_users.rb:39
  [1m[35m (46.9ms)[0m  [1m[35mCREATE UNIQUE INDEX  "index_users_on_reset_password_token" ON "users"  ("reset_password_token")[0m
  ↳ db/migrate/20180731142440_devise_create_users.rb:40
  [1m[36mActiveRecord::SchemaMigration Create (0.0ms)[0m  [1m[32mINSERT INTO "schema_migrations" ("version") VALUES ($1) RETURNING "version"[0m  [["version", "20180731142440"]]
  ↳ C:/Ruby24-x64/bin/rake:23
  [1m[35m (15.6ms)[0m  [1m[35mCOMMIT[0m
  ↳ C:/Ruby24-x64/bin/rake:23
  [1m[36mActiveRecord::InternalMetadata Load (1.0ms)[0m  [1m[34mSELECT  "ar_internal_metadata".* FROM "ar_internal_metadata" WHERE "ar_internal_metadata"."key" = $1 LIMIT $2[0m  [["key", "environment"], ["LIMIT", 1]]
  ↳ C:/Ruby24-x64/bin/rake:23
  [1m[35m (1.0ms)[0m  [1m[35mBEGIN[0m
  ↳ C:/Ruby24-x64/bin/rake:23
  [1m[36mActiveRecord::InternalMetadata Create (1.0ms)[0m  [1m[32mINSERT INTO "ar_internal_metadata" ("key", "value", "created_at", "updated_at") VALUES ($1, $2, $3, $4) RETURNING "key"[0m  [["key", "environment"], ["value", "development"], ["created_at", "2018-07-31 14:34:13.402893"], ["updated_at", "2018-07-31 14:34:13.402893"]]
  ↳ C:/Ruby24-x64/bin/rake:23
  [1m[35m (0.6ms)[0m  [1m[35mCOMMIT[0m
  ↳ C:/Ruby24-x64/bin/rake:23
  [1m[35m (1.0ms)[0m  [1m[34mSELECT pg_advisory_unlock(3080323218806277465)[0m
  ↳ C:/Ruby24-x64/bin/rake:23
  [1m[35m (0.0ms)[0m  [1m[34mSELECT "schema_migrations"."version" FROM "schema_migrations" ORDER BY "schema_migrations"."version" ASC[0m
  ↳ C:/Ruby24-x64/bin/rake:23
Started GET "/user/sign_up" for 127.0.0.1 at 2018-07-31 09:40:27 -0500
  [1m[35m (1.0ms)[0m  [1m[34mSELECT "schema_migrations"."version" FROM "schema_migrations" ORDER BY "schema_migrations"."version" ASC[0m
  ↳ C:/Ruby24-x64/lib/ruby/gems/2.4.0/gems/activerecord-5.2.0/lib/active_record/log_subscriber.rb:98
  
ActionController::RoutingError (No route matches [GET] "/user/sign_up"):
  
actionpack (5.2.0) lib/action_dispatch/middleware/debug_exceptions.rb:65:in `call'
web-console (3.6.2) lib/web_console/middleware.rb:135:in `call_app'
web-console (3.6.2) lib/web_console/middleware.rb:30:in `block in call'
web-console (3.6.2) lib/web_console/middleware.rb:20:in `catch'
web-console (3.6.2) lib/web_console/middleware.rb:20:in `call'
actionpack (5.2.0) lib/action_dispatch/middleware/show_exceptions.rb:33:in `call'
railties (5.2.0) lib/rails/rack/logger.rb:38:in `call_app'
railties (5.2.0) lib/rails/rack/logger.rb:26:in `block in call'
activesupport (5.2.0) lib/active_support/tagged_logging.rb:71:in `block in tagged'
activesupport (5.2.0) lib/active_support/tagged_logging.rb:28:in `tagged'
activesupport (5.2.0) lib/active_support/tagged_logging.rb:71:in `tagged'
railties (5.2.0) lib/rails/rack/logger.rb:26:in `call'
sprockets-rails (3.2.1) lib/sprockets/rails/quiet_assets.rb:13:in `call'
actionpack (5.2.0) lib/action_dispatch/middleware/remote_ip.rb:81:in `call'
actionpack (5.2.0) lib/action_dispatch/middleware/request_id.rb:27:in `call'
rack (2.0.5) lib/rack/method_override.rb:22:in `call'
rack (2.0.5) lib/rack/runtime.rb:22:in `call'
activesupport (5.2.0) lib/active_support/cache/strategy/local_cache_middleware.rb:29:in `call'
actionpack (5.2.0) lib/action_dispatch/middleware/executor.rb:14:in `call'
actionpack (5.2.0) lib/action_dispatch/middleware/static.rb:127:in `call'
rack (2.0.5) lib/rack/sendfile.rb:111:in `call'
railties (5.2.0) lib/rails/engine.rb:524:in `call'
puma (3.12.0) lib/puma/configuration.rb:225:in `call'
puma (3.12.0) lib/puma/server.rb:658:in `handle_request'
puma (3.12.0) lib/puma/server.rb:472:in `process_client'
puma (3.12.0) lib/puma/server.rb:332:in `block in run'
puma (3.12.0) lib/puma/thread_pool.rb:133:in `block in spawn_thread'
Started GET "/users/sign_up" for 127.0.0.1 at 2018-07-31 09:41:00 -0500
Processing by Devise::RegistrationsController#new as HTML
  Rendering devise/registrations/new.html.erb within layouts/application
  Rendered devise/shared/_links.html.erb (1.0ms)
  Rendered devise/registrations/new.html.erb within layouts/application (116.0ms)
Completed 200 OK in 1242ms (Views: 1220.0ms | ActiveRecord: 5.0ms)


Started POST "/users" for 127.0.0.1 at 2018-07-31 09:42:19 -0500
Processing by Devise::RegistrationsController#create as HTML
  Parameters: {"utf8"=>"✓", "authenticity_token"=>"GvlkFVI6e4JuhxNtjzpWhZAzbain4iaRUOo7r++AWcp6U+FiLcX+cT3ZDI+VrF0rnndU5o5fmY2UY40x6hRXPQ==", "user"=>{"email"=>"oscar.diazpt@gmail.com", "password"=>"[FILTERED]", "password_confirmation"=>"[FILTERED]"}, "commit"=>"Sign up"}
  [1m[35m (1.0ms)[0m  [1m[35mBEGIN[0m
  ↳ C:/Ruby24-x64/lib/ruby/gems/2.4.0/bundler/gems/devise-b8f644198d34/app/controllers/devise/registrations_controller.rb:19
  [1m[36mUser Exists (2.0ms)[0m  [1m[34mSELECT  1 AS one FROM "users" WHERE "users"."email" = $1 LIMIT $2[0m  [["email", "oscar.diazpt@gmail.com"], ["LIMIT", 1]]
  ↳ C:/Ruby24-x64/lib/ruby/gems/2.4.0/bundler/gems/devise-b8f644198d34/app/controllers/devise/registrations_controller.rb:19
  [1m[35m (0.0ms)[0m  [1m[31mROLLBACK[0m
  ↳ C:/Ruby24-x64/lib/ruby/gems/2.4.0/bundler/gems/devise-b8f644198d34/app/controllers/devise/registrations_controller.rb:19
  Rendering devise/registrations/new.html.erb within layouts/application
  Rendered devise/shared/_links.html.erb (1.0ms)
  Rendered devise/registrations/new.html.erb within layouts/application (20.0ms)
Completed 200 OK in 438ms (Views: 176.8ms | ActiveRecord: 3.0ms)


Started POST "/users" for 127.0.0.1 at 2018-07-31 09:42:37 -0500
Processing by Devise::RegistrationsController#create as HTML
  Parameters: {"utf8"=>"✓", "authenticity_token"=>"lJrHI2VJZkBKd92itA8ZBl2iq3DcrCDhnRa7xikCRjP0MEJUGrbjsxkpwkCumRKoU+aSPvURn/1Znw1YLJZIxA==", "user"=>{"email"=>"oscar.diazpt@gmail.com", "password"=>"[FILTERED]", "password_confirmation"=>"[FILTERED]"}, "commit"=>"Sign up"}
  [1m[35m (1.0ms)[0m  [1m[35mBEGIN[0m
  ↳ C:/Ruby24-x64/lib/ruby/gems/2.4.0/bundler/gems/devise-b8f644198d34/app/controllers/devise/registrations_controller.rb:19
  [1m[36mUser Exists (0.0ms)[0m  [1m[34mSELECT  1 AS one FROM "users" WHERE "users"."email" = $1 LIMIT $2[0m  [["email", "oscar.diazpt@gmail.com"], ["LIMIT", 1]]
  ↳ C:/Ruby24-x64/lib/ruby/gems/2.4.0/bundler/gems/devise-b8f644198d34/app/controllers/devise/registrations_controller.rb:19
  [1m[36mUser Create (1.0ms)[0m  [1m[32mINSERT INTO "users" ("email", "encrypted_password", "created_at", "updated_at") VALUES ($1, $2, $3, $4) RETURNING "id"[0m  [["email", "oscar.diazpt@gmail.com"], ["encrypted_password", "$2a$11$8/ZnvLPDcE91W208v7ZqGebwWAcqjGl484Dj2f19HOspELb4CAR76"], ["created_at", "2018-07-31 14:42:37.636430"], ["updated_at", "2018-07-31 14:42:37.636430"]]
  ↳ C:/Ruby24-x64/lib/ruby/gems/2.4.0/bundler/gems/devise-b8f644198d34/app/controllers/devise/registrations_controller.rb:19
  [1m[35m (181.4ms)[0m  [1m[35mCOMMIT[0m
  ↳ C:/Ruby24-x64/lib/ruby/gems/2.4.0/bundler/gems/devise-b8f644198d34/app/controllers/devise/registrations_controller.rb:19
Redirected to http://localhost:3000/
Completed 302 Found in 463ms (ActiveRecord: 183.4ms)


Started GET "/" for 127.0.0.1 at 2018-07-31 09:42:37 -0500
Processing by Rails::WelcomeController#index as HTML
  Rendering C:/Ruby24-x64/lib/ruby/gems/2.4.0/gems/railties-5.2.0/lib/rails/templates/rails/welcome/index.html.erb
  Rendered C:/Ruby24-x64/lib/ruby/gems/2.4.0/gems/railties-5.2.0/lib/rails/templates/rails/welcome/index.html.erb (3.0ms)
Completed 200 OK in 72ms (Views: 27.3ms | ActiveRecord: 0.0ms)


Started GET "/users" for 127.0.0.1 at 2018-07-31 09:42:43 -0500
  
ActionController::RoutingError (No route matches [GET] "/users"):
  
actionpack (5.2.0) lib/action_dispatch/middleware/debug_exceptions.rb:65:in `call'
web-console (3.6.2) lib/web_console/middleware.rb:135:in `call_app'
web-console (3.6.2) lib/web_console/middleware.rb:30:in `block in call'
web-console (3.6.2) lib/web_console/middleware.rb:20:in `catch'
web-console (3.6.2) lib/web_console/middleware.rb:20:in `call'
actionpack (5.2.0) lib/action_dispatch/middleware/show_exceptions.rb:33:in `call'
railties (5.2.0) lib/rails/rack/logger.rb:38:in `call_app'
railties (5.2.0) lib/rails/rack/logger.rb:26:in `block in call'
activesupport (5.2.0) lib/active_support/tagged_logging.rb:71:in `block in tagged'
activesupport (5.2.0) lib/active_support/tagged_logging.rb:28:in `tagged'
activesupport (5.2.0) lib/active_support/tagged_logging.rb:71:in `tagged'
railties (5.2.0) lib/rails/rack/logger.rb:26:in `call'
sprockets-rails (3.2.1) lib/sprockets/rails/quiet_assets.rb:13:in `call'
actionpack (5.2.0) lib/action_dispatch/middleware/remote_ip.rb:81:in `call'
actionpack (5.2.0) lib/action_dispatch/middleware/request_id.rb:27:in `call'
rack (2.0.5) lib/rack/method_override.rb:22:in `call'
rack (2.0.5) lib/rack/runtime.rb:22:in `call'
activesupport (5.2.0) lib/active_support/cache/strategy/local_cache_middleware.rb:29:in `call'
actionpack (5.2.0) lib/action_dispatch/middleware/executor.rb:14:in `call'
actionpack (5.2.0) lib/action_dispatch/middleware/static.rb:127:in `call'
rack (2.0.5) lib/rack/sendfile.rb:111:in `call'
railties (5.2.0) lib/rails/engine.rb:524:in `call'
puma (3.12.0) lib/puma/configuration.rb:225:in `call'
puma (3.12.0) lib/puma/server.rb:658:in `handle_request'
puma (3.12.0) lib/puma/server.rb:472:in `process_client'
puma (3.12.0) lib/puma/server.rb:332:in `block in run'
puma (3.12.0) lib/puma/thread_pool.rb:133:in `block in spawn_thread'
Started GET "/users/logn-up" for 127.0.0.1 at 2018-07-31 09:43:05 -0500
  
ActionController::RoutingError (No route matches [GET] "/users/logn-up"):
  
actionpack (5.2.0) lib/action_dispatch/middleware/debug_exceptions.rb:65:in `call'
web-console (3.6.2) lib/web_console/middleware.rb:135:in `call_app'
web-console (3.6.2) lib/web_console/middleware.rb:30:in `block in call'
web-console (3.6.2) lib/web_console/middleware.rb:20:in `catch'
web-console (3.6.2) lib/web_console/middleware.rb:20:in `call'
actionpack (5.2.0) lib/action_dispatch/middleware/show_exceptions.rb:33:in `call'
railties (5.2.0) lib/rails/rack/logger.rb:38:in `call_app'
railties (5.2.0) lib/rails/rack/logger.rb:26:in `block in call'
activesupport (5.2.0) lib/active_support/tagged_logging.rb:71:in `block in tagged'
activesupport (5.2.0) lib/active_support/tagged_logging.rb:28:in `tagged'
activesupport (5.2.0) lib/active_support/tagged_logging.rb:71:in `tagged'
railties (5.2.0) lib/rails/rack/logger.rb:26:in `call'
sprockets-rails (3.2.1) lib/sprockets/rails/quiet_assets.rb:13:in `call'
actionpack (5.2.0) lib/action_dispatch/middleware/remote_ip.rb:81:in `call'
actionpack (5.2.0) lib/action_dispatch/middleware/request_id.rb:27:in `call'
rack (2.0.5) lib/rack/method_override.rb:22:in `call'
rack (2.0.5) lib/rack/runtime.rb:22:in `call'
activesupport (5.2.0) lib/active_support/cache/strategy/local_cache_middleware.rb:29:in `call'
actionpack (5.2.0) lib/action_dispatch/middleware/executor.rb:14:in `call'
actionpack (5.2.0) lib/action_dispatch/middleware/static.rb:127:in `call'
rack (2.0.5) lib/rack/sendfile.rb:111:in `call'
railties (5.2.0) lib/rails/engine.rb:524:in `call'
puma (3.12.0) lib/puma/configuration.rb:225:in `call'
puma (3.12.0) lib/puma/server.rb:658:in `handle_request'
puma (3.12.0) lib/puma/server.rb:472:in `process_client'
puma (3.12.0) lib/puma/server.rb:332:in `block in run'
puma (3.12.0) lib/puma/thread_pool.rb:133:in `block in spawn_thread'
Started GET "/users/sign-up" for 127.0.0.1 at 2018-07-31 09:43:28 -0500
  
ActionController::RoutingError (No route matches [GET] "/users/sign-up"):
  
actionpack (5.2.0) lib/action_dispatch/middleware/debug_exceptions.rb:65:in `call'
web-console (3.6.2) lib/web_console/middleware.rb:135:in `call_app'
web-console (3.6.2) lib/web_console/middleware.rb:30:in `block in call'
web-console (3.6.2) lib/web_console/middleware.rb:20:in `catch'
web-console (3.6.2) lib/web_console/middleware.rb:20:in `call'
actionpack (5.2.0) lib/action_dispatch/middleware/show_exceptions.rb:33:in `call'
railties (5.2.0) lib/rails/rack/logger.rb:38:in `call_app'
railties (5.2.0) lib/rails/rack/logger.rb:26:in `block in call'
activesupport (5.2.0) lib/active_support/tagged_logging.rb:71:in `block in tagged'
activesupport (5.2.0) lib/active_support/tagged_logging.rb:28:in `tagged'
activesupport (5.2.0) lib/active_support/tagged_logging.rb:71:in `tagged'
railties (5.2.0) lib/rails/rack/logger.rb:26:in `call'
sprockets-rails (3.2.1) lib/sprockets/rails/quiet_assets.rb:13:in `call'
actionpack (5.2.0) lib/action_dispatch/middleware/remote_ip.rb:81:in `call'
actionpack (5.2.0) lib/action_dispatch/middleware/request_id.rb:27:in `call'
rack (2.0.5) lib/rack/method_override.rb:22:in `call'
rack (2.0.5) lib/rack/runtime.rb:22:in `call'
activesupport (5.2.0) lib/active_support/cache/strategy/local_cache_middleware.rb:29:in `call'
actionpack (5.2.0) lib/action_dispatch/middleware/executor.rb:14:in `call'
actionpack (5.2.0) lib/action_dispatch/middleware/static.rb:127:in `call'
rack (2.0.5) lib/rack/sendfile.rb:111:in `call'
railties (5.2.0) lib/rails/engine.rb:524:in `call'
puma (3.12.0) lib/puma/configuration.rb:225:in `call'
puma (3.12.0) lib/puma/server.rb:658:in `handle_request'
puma (3.12.0) lib/puma/server.rb:472:in `process_client'
puma (3.12.0) lib/puma/server.rb:332:in `block in run'
puma (3.12.0) lib/puma/thread_pool.rb:133:in `block in spawn_thread'
Started GET "/users/sign_up" for 127.0.0.1 at 2018-07-31 09:44:14 -0500
Processing by Devise::RegistrationsController#new as HTML
  [1m[36mUser Load (1.0ms)[0m  [1m[34mSELECT  "users".* FROM "users" WHERE "users"."id" = $1 ORDER BY "users"."id" ASC LIMIT $2[0m  [["id", 1], ["LIMIT", 1]]
  ↳ C:/Ruby24-x64/lib/ruby/gems/2.4.0/bundler/gems/devise-b8f644198d34/lib/devise/models/authenticatable.rb:238
Redirected to http://localhost:3000/
Filter chain halted as :require_no_authentication rendered or redirected
Completed 302 Found in 251ms (ActiveRecord: 1.0ms)


Started GET "/" for 127.0.0.1 at 2018-07-31 09:44:14 -0500
Processing by Rails::WelcomeController#index as HTML
  Rendering C:/Ruby24-x64/lib/ruby/gems/2.4.0/gems/railties-5.2.0/lib/rails/templates/rails/welcome/index.html.erb
  Rendered C:/Ruby24-x64/lib/ruby/gems/2.4.0/gems/railties-5.2.0/lib/rails/templates/rails/welcome/index.html.erb (3.0ms)
Completed 200 OK in 50ms (Views: 25.8ms | ActiveRecord: 0.0ms)


Started GET "/users/sign_in" for 127.0.0.1 at 2018-07-31 09:45:04 -0500
Processing by Devise::SessionsController#new as HTML
  [1m[36mUser Load (1.0ms)[0m  [1m[34mSELECT  "users".* FROM "users" WHERE "users"."id" = $1 ORDER BY "users"."id" ASC LIMIT $2[0m  [["id", 1], ["LIMIT", 1]]
  ↳ C:/Ruby24-x64/lib/ruby/gems/2.4.0/bundler/gems/devise-b8f644198d34/lib/devise/models/authenticatable.rb:238
Redirected to http://localhost:3000/
Filter chain halted as :require_no_authentication rendered or redirected
Completed 302 Found in 6ms (ActiveRecord: 1.0ms)


Started GET "/" for 127.0.0.1 at 2018-07-31 09:45:04 -0500
Processing by Rails::WelcomeController#index as HTML
  Rendering C:/Ruby24-x64/lib/ruby/gems/2.4.0/gems/railties-5.2.0/lib/rails/templates/rails/welcome/index.html.erb
  Rendered C:/Ruby24-x64/lib/ruby/gems/2.4.0/gems/railties-5.2.0/lib/rails/templates/rails/welcome/index.html.erb (3.0ms)
Completed 200 OK in 49ms (Views: 24.9ms | ActiveRecord: 0.0ms)


Started GET "/user/sign_up" for 127.0.0.1 at 2018-07-31 09:45:49 -0500
  
ActionController::RoutingError (No route matches [GET] "/user/sign_up"):
  
actionpack (5.2.0) lib/action_dispatch/middleware/debug_exceptions.rb:65:in `call'
web-console (3.6.2) lib/web_console/middleware.rb:135:in `call_app'
web-console (3.6.2) lib/web_console/middleware.rb:30:in `block in call'
web-console (3.6.2) lib/web_console/middleware.rb:20:in `catch'
web-console (3.6.2) lib/web_console/middleware.rb:20:in `call'
actionpack (5.2.0) lib/action_dispatch/middleware/show_exceptions.rb:33:in `call'
railties (5.2.0) lib/rails/rack/logger.rb:38:in `call_app'
railties (5.2.0) lib/rails/rack/logger.rb:26:in `block in call'
activesupport (5.2.0) lib/active_support/tagged_logging.rb:71:in `block in tagged'
activesupport (5.2.0) lib/active_support/tagged_logging.rb:28:in `tagged'
activesupport (5.2.0) lib/active_support/tagged_logging.rb:71:in `tagged'
railties (5.2.0) lib/rails/rack/logger.rb:26:in `call'
sprockets-rails (3.2.1) lib/sprockets/rails/quiet_assets.rb:13:in `call'
actionpack (5.2.0) lib/action_dispatch/middleware/remote_ip.rb:81:in `call'
actionpack (5.2.0) lib/action_dispatch/middleware/request_id.rb:27:in `call'
rack (2.0.5) lib/rack/method_override.rb:22:in `call'
rack (2.0.5) lib/rack/runtime.rb:22:in `call'
activesupport (5.2.0) lib/active_support/cache/strategy/local_cache_middleware.rb:29:in `call'
actionpack (5.2.0) lib/action_dispatch/middleware/executor.rb:14:in `call'
actionpack (5.2.0) lib/action_dispatch/middleware/static.rb:127:in `call'
rack (2.0.5) lib/rack/sendfile.rb:111:in `call'
railties (5.2.0) lib/rails/engine.rb:524:in `call'
puma (3.12.0) lib/puma/configuration.rb:225:in `call'
puma (3.12.0) lib/puma/server.rb:658:in `handle_request'
puma (3.12.0) lib/puma/server.rb:472:in `process_client'
puma (3.12.0) lib/puma/server.rb:332:in `block in run'
puma (3.12.0) lib/puma/thread_pool.rb:133:in `block in spawn_thread'
Started GET "/users/sign_up" for 127.0.0.1 at 2018-07-31 09:46:03 -0500
Processing by Devise::RegistrationsController#new as HTML
  [1m[36mUser Load (1.0ms)[0m  [1m[34mSELECT  "users".* FROM "users" WHERE "users"."id" = $1 ORDER BY "users"."id" ASC LIMIT $2[0m  [["id", 1], ["LIMIT", 1]]
  ↳ C:/Ruby24-x64/lib/ruby/gems/2.4.0/bundler/gems/devise-b8f644198d34/lib/devise/models/authenticatable.rb:238
Redirected to http://localhost:3000/
Filter chain halted as :require_no_authentication rendered or redirected
Completed 302 Found in 8ms (ActiveRecord: 1.0ms)


Started GET "/" for 127.0.0.1 at 2018-07-31 09:46:03 -0500
Processing by Rails::WelcomeController#index as HTML
  Rendering C:/Ruby24-x64/lib/ruby/gems/2.4.0/gems/railties-5.2.0/lib/rails/templates/rails/welcome/index.html.erb
  Rendered C:/Ruby24-x64/lib/ruby/gems/2.4.0/gems/railties-5.2.0/lib/rails/templates/rails/welcome/index.html.erb (2.0ms)
Completed 200 OK in 49ms (Views: 25.9ms | ActiveRecord: 0.0ms)


Started GET "/users/sign_up" for 127.0.0.1 at 2018-07-31 09:46:44 -0500
Processing by Devise::RegistrationsController#new as HTML
  [1m[36mUser Load (0.0ms)[0m  [1m[34mSELECT  "users".* FROM "users" WHERE "users"."id" = $1 ORDER BY "users"."id" ASC LIMIT $2[0m  [["id", 1], ["LIMIT", 1]]
  ↳ C:/Ruby24-x64/lib/ruby/gems/2.4.0/bundler/gems/devise-b8f644198d34/lib/devise/models/authenticatable.rb:238
Redirected to http://localhost:3000/
Filter chain halted as :require_no_authentication rendered or redirected
Completed 302 Found in 8ms (ActiveRecord: 0.0ms)


Started GET "/" for 127.0.0.1 at 2018-07-31 09:46:44 -0500
Processing by Rails::WelcomeController#index as HTML
  Rendering C:/Ruby24-x64/lib/ruby/gems/2.4.0/gems/railties-5.2.0/lib/rails/templates/rails/welcome/index.html.erb
  Rendered C:/Ruby24-x64/lib/ruby/gems/2.4.0/gems/railties-5.2.0/lib/rails/templates/rails/welcome/index.html.erb (2.0ms)
Completed 200 OK in 49ms (Views: 25.4ms | ActiveRecord: 0.0ms)


Started GET "/" for 127.0.0.1 at 2018-07-31 09:46:44 -0500
Processing by Rails::WelcomeController#index as HTML
  Rendering C:/Ruby24-x64/lib/ruby/gems/2.4.0/gems/railties-5.2.0/lib/rails/templates/rails/welcome/index.html.erb
  Rendered C:/Ruby24-x64/lib/ruby/gems/2.4.0/gems/railties-5.2.0/lib/rails/templates/rails/welcome/index.html.erb (0.0ms)
Completed 200 OK in 41ms (Views: 25.3ms | ActiveRecord: 0.0ms)


Started GET "/" for 127.0.0.1 at 2018-07-31 09:55:59 -0500
Processing by Rails::WelcomeController#index as HTML
  Rendering C:/Ruby24-x64/lib/ruby/gems/2.4.0/gems/railties-5.2.0/lib/rails/templates/rails/welcome/index.html.erb
  Rendered C:/Ruby24-x64/lib/ruby/gems/2.4.0/gems/railties-5.2.0/lib/rails/templates/rails/welcome/index.html.erb (2.0ms)
Completed 200 OK in 53ms (Views: 26.1ms | ActiveRecord: 0.0ms)


Started GET "/" for 127.0.0.1 at 2018-07-31 09:56:07 -0500
Processing by Rails::WelcomeController#index as HTML
  Rendering C:/Ruby24-x64/lib/ruby/gems/2.4.0/gems/railties-5.2.0/lib/rails/templates/rails/welcome/index.html.erb
  Rendered C:/Ruby24-x64/lib/ruby/gems/2.4.0/gems/railties-5.2.0/lib/rails/templates/rails/welcome/index.html.erb (2.0ms)
Completed 200 OK in 50ms (Views: 26.1ms | ActiveRecord: 0.0ms)


Started GET "/" for 127.0.0.1 at 2018-07-31 10:03:58 -0500
  [1m[35m (1.0ms)[0m  [1m[34mSELECT "schema_migrations"."version" FROM "schema_migrations" ORDER BY "schema_migrations"."version" ASC[0m
  ↳ C:/Ruby24-x64/lib/ruby/gems/2.4.0/gems/activerecord-5.2.0/lib/active_record/log_subscriber.rb:98
Processing by HomeController#index as HTML
  Rendering home/index.html.erb within layouts/application
  Rendered home/index.html.erb within layouts/application (1.0ms)
Completed 200 OK in 680ms (Views: 660.4ms | ActiveRecord: 0.0ms)


Started GET "/" for 127.0.0.1 at 2018-07-31 10:06:52 -0500
Processing by HomeController#index as HTML
  Rendering home/index.html.erb within layouts/application
  Rendered home/index.html.erb within layouts/application (1.0ms)
  [1m[36mUser Load (1.0ms)[0m  [1m[34mSELECT  "users".* FROM "users" WHERE "users"."id" = $1 ORDER BY "users"."id" ASC LIMIT $2[0m  [["id", 1], ["LIMIT", 1]]
  ↳ C:/Ruby24-x64/lib/ruby/gems/2.4.0/bundler/gems/devise-b8f644198d34/lib/devise/models/authenticatable.rb:238
Completed 200 OK in 369ms (Views: 346.9ms | ActiveRecord: 8.0ms)


Started DELETE "/users/sign_out" for 127.0.0.1 at 2018-07-31 10:06:54 -0500
Processing by Devise::SessionsController#destroy as HTML
  Parameters: {"authenticity_token"=>"JnFeA5cuLUPkJB2Z8tCW+xaYNo5uRo83AK2PFZzRsg9G29t06NGosLd6AnvoRp1VGNwPwEf7MCvEJDmLmUW8+A=="}
  [1m[36mUser Load (1.0ms)[0m  [1m[34mSELECT  "users".* FROM "users" WHERE "users"."id" = $1 ORDER BY "users"."id" ASC LIMIT $2[0m  [["id", 1], ["LIMIT", 1]]
  ↳ C:/Ruby24-x64/lib/ruby/gems/2.4.0/bundler/gems/devise-b8f644198d34/lib/devise/models/authenticatable.rb:238
  [1m[35m (0.0ms)[0m  [1m[35mBEGIN[0m
  ↳ C:/Ruby24-x64/lib/ruby/gems/2.4.0/bundler/gems/devise-b8f644198d34/lib/devise/models/rememberable.rb:62
  [1m[35m (0.0ms)[0m  [1m[35mCOMMIT[0m
  ↳ C:/Ruby24-x64/lib/ruby/gems/2.4.0/bundler/gems/devise-b8f644198d34/lib/devise/models/rememberable.rb:62
Redirected to http://localhost:3000/
Completed 302 Found in 38ms (ActiveRecord: 1.0ms)


Started GET "/" for 127.0.0.1 at 2018-07-31 10:06:54 -0500
Processing by HomeController#index as HTML
  Rendering home/index.html.erb within layouts/application
  Rendered home/index.html.erb within layouts/application (1.0ms)
Completed 500 Internal Server Error in 403ms (ActiveRecord: 0.0ms)


  
ActionView::Template::Error (undefined local variable or method `new_user_registration_session_path' for #<#<Class:0x00000000066db4c8>:0x000000000c7948c8>
Did you mean?  new_user_registration_path):
    18:       <%=link_to 'Salir', destroy_user_session_path,method: :delete %>
    19:     <%else %>
    20:     <%=link_to 'Iniciar sesion', new_user_session_path %>
    21:     <%=link_to 'registro', new_user_registration_session_path %>
    22: 
    23:     <%end %>
    24: 
  
app/views/layouts/application.html.erb:21:in `_app_views_layouts_application_html_erb__806486084_104620880'
Started GET "/" for 127.0.0.1 at 2018-07-31 10:08:00 -0500
Processing by HomeController#index as HTML
  Rendering home/index.html.erb within layouts/application
  Rendered home/index.html.erb within layouts/application (1.0ms)
Completed 200 OK in 125ms (Views: 110.0ms | ActiveRecord: 0.0ms)


Started GET "/users/sign_in" for 127.0.0.1 at 2018-07-31 10:08:02 -0500
Processing by Devise::SessionsController#new as HTML
  Rendering devise/sessions/new.html.erb within layouts/application
  Rendered devise/shared/_links.html.erb (16.1ms)
  Rendered devise/sessions/new.html.erb within layouts/application (63.9ms)
Completed 200 OK in 427ms (Views: 210.4ms | ActiveRecord: 0.0ms)


Started POST "/users/sign_in" for 127.0.0.1 at 2018-07-31 10:08:24 -0500
Processing by Devise::SessionsController#create as HTML
  Parameters: {"utf8"=>"✓", "authenticity_token"=>"JENNP9yfB53qmK2peUCNmzFxubkLUbfTNsDPmCuUN/C1i1+5Ph/uOtPPkDLTSF5VAXfpXP23q/iF0525+by0VQ==", "user"=>{"email"=>"ok@ok.com", "password"=>"[FILTERED]", "remember_me"=>"0"}, "commit"=>"Log in"}
  [1m[36mUser Load (1.0ms)[0m  [1m[34mSELECT  "users".* FROM "users" WHERE "users"."email" = $1 ORDER BY "users"."id" ASC LIMIT $2[0m  [["email", "ok@ok.com"], ["LIMIT", 1]]
  ↳ C:/Ruby24-x64/lib/ruby/gems/2.4.0/bundler/gems/devise-b8f644198d34/lib/devise/models/authenticatable.rb:276
Completed 401 Unauthorized in 20ms (ActiveRecord: 1.0ms)


Processing by Devise::SessionsController#new as HTML
  Parameters: {"utf8"=>"✓", "authenticity_token"=>"JENNP9yfB53qmK2peUCNmzFxubkLUbfTNsDPmCuUN/C1i1+5Ph/uOtPPkDLTSF5VAXfpXP23q/iF0525+by0VQ==", "user"=>{"email"=>"ok@ok.com", "password"=>"[FILTERED]", "remember_me"=>"0"}, "commit"=>"Log in"}
  Rendering devise/sessions/new.html.erb within layouts/application
  Rendered devise/shared/_links.html.erb (2.0ms)
  Rendered devise/sessions/new.html.erb within layouts/application (21.0ms)
Completed 200 OK in 322ms (Views: 182.3ms | ActiveRecord: 0.0ms)


Started POST "/users/sign_in" for 127.0.0.1 at 2018-07-31 10:08:38 -0500
Processing by Devise::SessionsController#create as HTML
  Parameters: {"utf8"=>"✓", "authenticity_token"=>"CcYf/sJkIWVz1Cx7K8ccvbNt68RR9M0MU0cdCUpKnfiQG9C3l4MLiViedGsBB3h3PY+aq12CfIzBAb3HE/b+eA==", "user"=>{"email"=>"ok@ok.com", "password"=>"[FILTERED]", "remember_me"=>"0"}, "commit"=>"Log in"}
  [1m[36mUser Load (0.0ms)[0m  [1m[34mSELECT  "users".* FROM "users" WHERE "users"."email" = $1 ORDER BY "users"."id" ASC LIMIT $2[0m  [["email", "ok@ok.com"], ["LIMIT", 1]]
  ↳ C:/Ruby24-x64/lib/ruby/gems/2.4.0/bundler/gems/devise-b8f644198d34/lib/devise/models/authenticatable.rb:276
Completed 401 Unauthorized in 6ms (ActiveRecord: 0.0ms)


Processing by Devise::SessionsController#new as HTML
  Parameters: {"utf8"=>"✓", "authenticity_token"=>"CcYf/sJkIWVz1Cx7K8ccvbNt68RR9M0MU0cdCUpKnfiQG9C3l4MLiViedGsBB3h3PY+aq12CfIzBAb3HE/b+eA==", "user"=>{"email"=>"ok@ok.com", "password"=>"[FILTERED]", "remember_me"=>"0"}, "commit"=>"Log in"}
  Rendering devise/sessions/new.html.erb within layouts/application
  Rendered devise/shared/_links.html.erb (1.0ms)
  Rendered devise/sessions/new.html.erb within layouts/application (21.0ms)
Completed 200 OK in 293ms (Views: 166.1ms | ActiveRecord: 0.0ms)


Started POST "/users/sign_in" for 127.0.0.1 at 2018-07-31 10:08:46 -0500
Processing by Devise::SessionsController#create as HTML
  Parameters: {"utf8"=>"✓", "authenticity_token"=>"Ik9GuBW1rhVi1XVCST6RH+/StXjbPCpTAvZwn3+rQu+7konxQFKE+UmfLVJj/vXVYTDEF9dKm9OQsNBRJhchbw==", "user"=>{"email"=>"ok@ok.com", "password"=>"[FILTERED]", "remember_me"=>"0"}, "commit"=>"Log in"}
  [1m[36mUser Load (1.0ms)[0m  [1m[34mSELECT  "users".* FROM "users" WHERE "users"."email" = $1 ORDER BY "users"."id" ASC LIMIT $2[0m  [["email", "ok@ok.com"], ["LIMIT", 1]]
  ↳ C:/Ruby24-x64/lib/ruby/gems/2.4.0/bundler/gems/devise-b8f644198d34/lib/devise/models/authenticatable.rb:276
Completed 401 Unauthorized in 6ms (ActiveRecord: 1.0ms)


Processing by Devise::SessionsController#new as HTML
  Parameters: {"utf8"=>"✓", "authenticity_token"=>"Ik9GuBW1rhVi1XVCST6RH+/StXjbPCpTAvZwn3+rQu+7konxQFKE+UmfLVJj/vXVYTDEF9dKm9OQsNBRJhchbw==", "user"=>{"email"=>"ok@ok.com", "password"=>"[FILTERED]", "remember_me"=>"0"}, "commit"=>"Log in"}
  Rendering devise/sessions/new.html.erb within layouts/application
  Rendered devise/shared/_links.html.erb (1.0ms)
  Rendered devise/sessions/new.html.erb within layouts/application (21.0ms)
Completed 200 OK in 298ms (Views: 170.7ms | ActiveRecord: 0.0ms)


Started GET "/users/sign_up" for 127.0.0.1 at 2018-07-31 10:08:54 -0500
Processing by Devise::RegistrationsController#new as HTML
  Rendering devise/registrations/new.html.erb within layouts/application
  Rendered devise/shared/_links.html.erb (2.0ms)
  Rendered devise/registrations/new.html.erb within layouts/application (22.0ms)
Completed 200 OK in 170ms (Views: 168.7ms | ActiveRecord: 0.0ms)


Started GET "/users/sign_in" for 127.0.0.1 at 2018-07-31 10:09:02 -0500
Processing by Devise::SessionsController#new as HTML
  Rendering devise/sessions/new.html.erb within layouts/application
  Rendered devise/shared/_links.html.erb (0.0ms)
  Rendered devise/sessions/new.html.erb within layouts/application (15.6ms)
Completed 200 OK in 146ms (Views: 146.6ms | ActiveRecord: 0.0ms)


Started POST "/users/sign_in" for 127.0.0.1 at 2018-07-31 10:09:17 -0500
Processing by Devise::SessionsController#create as HTML
  Parameters: {"utf8"=>"✓", "authenticity_token"=>"aEMRkHnqAzxuTab9qDwbUQZxTyJ12KBxkSk64+iMcP/5iwMWm2rqm1cam2YCNMifNncfx4M+vFoiOmjCOqTzWg==", "user"=>{"email"=>"oscar.diazpt@gmail.com", "password"=>"[FILTERED]", "remember_me"=>"0"}, "commit"=>"Log in"}
  [1m[36mUser Load (1.0ms)[0m  [1m[34mSELECT  "users".* FROM "users" WHERE "users"."email" = $1 ORDER BY "users"."id" ASC LIMIT $2[0m  [["email", "oscar.diazpt@gmail.com"], ["LIMIT", 1]]
  ↳ C:/Ruby24-x64/lib/ruby/gems/2.4.0/bundler/gems/devise-b8f644198d34/lib/devise/models/authenticatable.rb:276
Redirected to http://localhost:3000/
Completed 302 Found in 231ms (ActiveRecord: 1.0ms)


Started GET "/" for 127.0.0.1 at 2018-07-31 10:09:17 -0500
Processing by HomeController#index as HTML
  Rendering home/index.html.erb within layouts/application
  Rendered home/index.html.erb within layouts/application (1.0ms)
  [1m[36mUser Load (1.0ms)[0m  [1m[34mSELECT  "users".* FROM "users" WHERE "users"."id" = $1 ORDER BY "users"."id" ASC LIMIT $2[0m  [["id", 1], ["LIMIT", 1]]
  ↳ C:/Ruby24-x64/lib/ruby/gems/2.4.0/bundler/gems/devise-b8f644198d34/lib/devise/models/authenticatable.rb:238
Completed 200 OK in 124ms (Views: 109.1ms | ActiveRecord: 1.0ms)


Started GET "/" for 127.0.0.1 at 2018-07-31 10:09:21 -0500
Processing by HomeController#index as HTML
  Rendering home/index.html.erb within layouts/application
  Rendered home/index.html.erb within layouts/application (0.0ms)
  [1m[36mUser Load (0.0ms)[0m  [1m[34mSELECT  "users".* FROM "users" WHERE "users"."id" = $1 ORDER BY "users"."id" ASC LIMIT $2[0m  [["id", 1], ["LIMIT", 1]]
  ↳ C:/Ruby24-x64/lib/ruby/gems/2.4.0/bundler/gems/devise-b8f644198d34/lib/devise/models/authenticatable.rb:238
Completed 200 OK in 114ms (Views: 107.8ms | ActiveRecord: 0.0ms)


Started DELETE "/users/sign_out" for 127.0.0.1 at 2018-07-31 10:09:23 -0500
Processing by Devise::SessionsController#destroy as HTML
  Parameters: {"authenticity_token"=>"5lo88xHoZWLYbmNcOe3Ub1TfeRrE2ZPT+udfk33oCjsPZQleRfOFvDjVkhJo7uZ2WgXM5nUmIFWiD6JEi2h84A=="}
  [1m[36mUser Load (1.0ms)[0m  [1m[34mSELECT  "users".* FROM "users" WHERE "users"."id" = $1 ORDER BY "users"."id" ASC LIMIT $2[0m  [["id", 1], ["LIMIT", 1]]
  ↳ C:/Ruby24-x64/lib/ruby/gems/2.4.0/bundler/gems/devise-b8f644198d34/lib/devise/models/authenticatable.rb:238
  [1m[35m (0.0ms)[0m  [1m[35mBEGIN[0m
  ↳ C:/Ruby24-x64/lib/ruby/gems/2.4.0/bundler/gems/devise-b8f644198d34/lib/devise/models/rememberable.rb:62
  [1m[35m (0.0ms)[0m  [1m[35mCOMMIT[0m
  ↳ C:/Ruby24-x64/lib/ruby/gems/2.4.0/bundler/gems/devise-b8f644198d34/lib/devise/models/rememberable.rb:62
Redirected to http://localhost:3000/
Completed 302 Found in 12ms (ActiveRecord: 1.0ms)


Started GET "/" for 127.0.0.1 at 2018-07-31 10:09:23 -0500
Processing by HomeController#index as HTML
  Rendering home/index.html.erb within layouts/application
  Rendered home/index.html.erb within layouts/application (1.0ms)
Completed 200 OK in 122ms (Views: 108.6ms | ActiveRecord: 0.0ms)


